2022-06-08 20:24:52.506 INFO [] [main] com.example.openfeign.OpenfeignApplicationTests-No active profile set, falling back to default profiles: default
2022-06-08 20:24:53.021 WARN [] [main] org.mybatis.spring.mapper.ClassPathMapperScanner-No MyBatis mapper was found in '[com.example.openfeign]' package. Please check your configuration.
2022-06-08 20:24:53.258 INFO [] [main] o.springframework.cloud.context.scope.GenericScope-BeanFactory id=e48f34a5-4e7b-366a-9056-e226af87af59
2022-06-08 20:24:53.306 INFO [] [main] o.s.c.s.PostProcessorRegistrationDelegate$BeanPostProcessorChecker-Bean 'com.example.openfeign.interfance.StockOpenFeignService' of type [org.springframework.cloud.openfeign.FeignClientFactoryBean] is not eligible for getting processed by all BeanPostProcessors (for example: not eligible for auto-proxying)
2022-06-08 20:24:54.398 WARN [] [main] com.netflix.config.sources.URLConfigurationSource-No URLs will be polled as dynamic configuration sources.
2022-06-08 20:24:54.399 INFO [] [main] com.netflix.config.sources.URLConfigurationSource-To enable URLs as dynamic configuration sources, define System property archaius.configurationSource.additionalUrls or make config.properties available on classpath.
2022-06-08 20:24:54.406 WARN [] [main] com.netflix.config.sources.URLConfigurationSource-No URLs will be polled as dynamic configuration sources.
2022-06-08 20:24:54.406 INFO [] [main] com.netflix.config.sources.URLConfigurationSource-To enable URLs as dynamic configuration sources, define System property archaius.configurationSource.additionalUrls or make config.properties available on classpath.
2022-06-08 20:24:54.610 INFO [] [main] o.s.scheduling.concurrent.ThreadPoolTaskExecutor-Initializing ExecutorService 'applicationTaskExecutor'
2022-06-08 20:24:54.880 INFO [] [main] o.s.scheduling.concurrent.ThreadPoolTaskScheduler-Initializing ExecutorService 'Nacso-Watch-Task-Scheduler'
2022-06-08 20:24:55.427 INFO [] [main] o.s.a.rabbit.connection.CachingConnectionFactory-Attempting to connect to: 127.0.0.1:5672
2022-06-08 20:24:55.434 INFO [] [main] o.s.a.r.listener.SimpleMessageListenerContainer-Broker not available; cannot force queue declarations during start: java.net.ConnectException: Connection refused (Connection refused)
2022-06-08 20:24:55.441 INFO [] [org.springframework.amqp.rabbit.RabbitListenerEndpointContainer#0-1] o.s.a.rabbit.connection.CachingConnectionFactory-Attempting to connect to: 127.0.0.1:5672
2022-06-08 20:24:55.449 ERROR[] [org.springframework.amqp.rabbit.RabbitListenerEndpointContainer#0-1] o.s.a.r.listener.SimpleMessageListenerContainer-Failed to check/redeclare auto-delete queue(s).
org.springframework.amqp.AmqpConnectException: java.net.ConnectException: Connection refused (Connection refused)
	at org.springframework.amqp.rabbit.support.RabbitExceptionTranslator.convertRabbitAccessException(RabbitExceptionTranslator.java:61)
	at org.springframework.amqp.rabbit.connection.AbstractConnectionFactory.createBareConnection(AbstractConnectionFactory.java:524)
	at org.springframework.amqp.rabbit.connection.CachingConnectionFactory.createConnection(CachingConnectionFactory.java:751)
	at org.springframework.amqp.rabbit.connection.ConnectionFactoryUtils.createConnection(ConnectionFactoryUtils.java:214)
	at org.springframework.amqp.rabbit.core.RabbitTemplate.doExecute(RabbitTemplate.java:2089)
	at org.springframework.amqp.rabbit.core.RabbitTemplate.execute(RabbitTemplate.java:2062)
	at org.springframework.amqp.rabbit.core.RabbitTemplate.execute(RabbitTemplate.java:2042)
	at org.springframework.amqp.rabbit.core.RabbitAdmin.getQueueInfo(RabbitAdmin.java:407)
	at org.springframework.amqp.rabbit.core.RabbitAdmin.getQueueProperties(RabbitAdmin.java:391)
	at org.springframework.amqp.rabbit.listener.AbstractMessageListenerContainer.attemptDeclarations(AbstractMessageListenerContainer.java:1859)
	at org.springframework.amqp.rabbit.listener.AbstractMessageListenerContainer.redeclareElementsIfNecessary(AbstractMessageListenerContainer.java:1840)
	at org.springframework.amqp.rabbit.listener.SimpleMessageListenerContainer$AsyncMessageProcessingConsumer.initialize(SimpleMessageListenerContainer.java:1354)
	at org.springframework.amqp.rabbit.listener.SimpleMessageListenerContainer$AsyncMessageProcessingConsumer.run(SimpleMessageListenerContainer.java:1200)
	at java.lang.Thread.run(Thread.java:748)
Caused by: java.net.ConnectException: Connection refused (Connection refused)
	at java.net.PlainSocketImpl.socketConnect(Native Method)
	at java.net.AbstractPlainSocketImpl.doConnect(AbstractPlainSocketImpl.java:350)
	at java.net.AbstractPlainSocketImpl.connectToAddress(AbstractPlainSocketImpl.java:206)
	at java.net.AbstractPlainSocketImpl.connect(AbstractPlainSocketImpl.java:188)
	at java.net.SocksSocketImpl.connect(SocksSocketImpl.java:392)
	at java.net.Socket.connect(Socket.java:606)
	at com.rabbitmq.client.impl.SocketFrameHandlerFactory.create(SocketFrameHandlerFactory.java:60)
	at com.rabbitmq.client.ConnectionFactory.newConnection(ConnectionFactory.java:1137)
	at com.rabbitmq.client.ConnectionFactory.newConnection(ConnectionFactory.java:1087)
	at com.rabbitmq.client.ConnectionFactory.newConnection(ConnectionFactory.java:1255)
	at org.springframework.amqp.rabbit.connection.AbstractConnectionFactory.connectHostPort(AbstractConnectionFactory.java:569)
	at org.springframework.amqp.rabbit.connection.AbstractConnectionFactory.connect(AbstractConnectionFactory.java:536)
	at org.springframework.amqp.rabbit.connection.AbstractConnectionFactory.createBareConnection(AbstractConnectionFactory.java:487)
	... 12 common frames omitted
2022-06-08 20:24:55.456 INFO [] [org.springframework.amqp.rabbit.RabbitListenerEndpointContainer#0-1] o.s.a.rabbit.connection.CachingConnectionFactory-Attempting to connect to: 127.0.0.1:5672
2022-06-08 20:24:55.457 INFO [] [main] o.s.a.rabbit.connection.CachingConnectionFactory-Attempting to connect to: 127.0.0.1:5672
2022-06-08 20:24:55.457 INFO [] [main] o.s.a.r.listener.SimpleMessageListenerContainer-Broker not available; cannot force queue declarations during start: java.net.ConnectException: Connection refused (Connection refused)
2022-06-08 20:24:55.457 INFO [] [org.springframework.amqp.rabbit.RabbitListenerEndpointContainer#1-1] o.s.a.rabbit.connection.CachingConnectionFactory-Attempting to connect to: 127.0.0.1:5672
2022-06-08 20:24:55.458 ERROR[] [org.springframework.amqp.rabbit.RabbitListenerEndpointContainer#1-1] o.s.a.r.listener.SimpleMessageListenerContainer-Failed to check/redeclare auto-delete queue(s).
org.springframework.amqp.AmqpConnectException: java.net.ConnectException: Connection refused (Connection refused)
	at org.springframework.amqp.rabbit.support.RabbitExceptionTranslator.convertRabbitAccessException(RabbitExceptionTranslator.java:61)
	at org.springframework.amqp.rabbit.connection.AbstractConnectionFactory.createBareConnection(AbstractConnectionFactory.java:524)
	at org.springframework.amqp.rabbit.connection.CachingConnectionFactory.createConnection(CachingConnectionFactory.java:751)
	at org.springframework.amqp.rabbit.connection.ConnectionFactoryUtils.createConnection(ConnectionFactoryUtils.java:214)
	at org.springframework.amqp.rabbit.core.RabbitTemplate.doExecute(RabbitTemplate.java:2089)
	at org.springframework.amqp.rabbit.core.RabbitTemplate.execute(RabbitTemplate.java:2062)
	at org.springframework.amqp.rabbit.core.RabbitTemplate.execute(RabbitTemplate.java:2042)
	at org.springframework.amqp.rabbit.core.RabbitAdmin.getQueueInfo(RabbitAdmin.java:407)
	at org.springframework.amqp.rabbit.core.RabbitAdmin.getQueueProperties(RabbitAdmin.java:391)
	at org.springframework.amqp.rabbit.listener.AbstractMessageListenerContainer.attemptDeclarations(AbstractMessageListenerContainer.java:1859)
	at org.springframework.amqp.rabbit.listener.AbstractMessageListenerContainer.redeclareElementsIfNecessary(AbstractMessageListenerContainer.java:1840)
	at org.springframework.amqp.rabbit.listener.SimpleMessageListenerContainer$AsyncMessageProcessingConsumer.initialize(SimpleMessageListenerContainer.java:1354)
	at org.springframework.amqp.rabbit.listener.SimpleMessageListenerContainer$AsyncMessageProcessingConsumer.run(SimpleMessageListenerContainer.java:1200)
	at java.lang.Thread.run(Thread.java:748)
Caused by: java.net.ConnectException: Connection refused (Connection refused)
	at java.net.PlainSocketImpl.socketConnect(Native Method)
	at java.net.AbstractPlainSocketImpl.doConnect(AbstractPlainSocketImpl.java:350)
	at java.net.AbstractPlainSocketImpl.connectToAddress(AbstractPlainSocketImpl.java:206)
	at java.net.AbstractPlainSocketImpl.connect(AbstractPlainSocketImpl.java:188)
	at java.net.SocksSocketImpl.connect(SocksSocketImpl.java:392)
	at java.net.Socket.connect(Socket.java:606)
	at com.rabbitmq.client.impl.SocketFrameHandlerFactory.create(SocketFrameHandlerFactory.java:60)
	at com.rabbitmq.client.ConnectionFactory.newConnection(ConnectionFactory.java:1137)
	at com.rabbitmq.client.ConnectionFactory.newConnection(ConnectionFactory.java:1087)
	at com.rabbitmq.client.ConnectionFactory.newConnection(ConnectionFactory.java:1255)
	at org.springframework.amqp.rabbit.connection.AbstractConnectionFactory.connectHostPort(AbstractConnectionFactory.java:569)
	at org.springframework.amqp.rabbit.connection.AbstractConnectionFactory.connect(AbstractConnectionFactory.java:536)
	at org.springframework.amqp.rabbit.connection.AbstractConnectionFactory.createBareConnection(AbstractConnectionFactory.java:487)
	... 12 common frames omitted
2022-06-08 20:24:55.459 INFO [] [org.springframework.amqp.rabbit.RabbitListenerEndpointContainer#1-1] o.s.a.rabbit.connection.CachingConnectionFactory-Attempting to connect to: 127.0.0.1:5672
2022-06-08 20:24:55.468 INFO [] [main] com.example.openfeign.OpenfeignApplicationTests-Started OpenfeignApplicationTests in 3.652 seconds (JVM running for 4.705)
2022-06-08 20:24:55.742 INFO [] [main] o.s.a.rabbit.connection.CachingConnectionFactory-Attempting to connect to: 127.0.0.1:5672
2022-06-08 20:24:55.769 INFO [] [SpringContextShutdownHook] o.s.a.r.listener.SimpleMessageListenerContainer-Waiting for workers to finish.
2022-06-08 20:24:55.770 INFO [] [SpringContextShutdownHook] o.s.a.r.listener.SimpleMessageListenerContainer-Successfully waited for workers to finish.
2022-06-08 20:24:55.770 INFO [] [SpringContextShutdownHook] o.s.a.r.listener.SimpleMessageListenerContainer-Waiting for workers to finish.
2022-06-08 20:24:55.770 INFO [] [SpringContextShutdownHook] o.s.a.r.listener.SimpleMessageListenerContainer-Successfully waited for workers to finish.
2022-06-08 20:24:55.770 INFO [] [SpringContextShutdownHook] o.s.scheduling.concurrent.ThreadPoolTaskScheduler-Shutting down ExecutorService 'Nacso-Watch-Task-Scheduler'
2022-06-08 20:24:55.776 INFO [] [SpringContextShutdownHook] o.s.scheduling.concurrent.ThreadPoolTaskExecutor-Shutting down ExecutorService 'applicationTaskExecutor'
2022-06-08 20:24:55.779 INFO [] [SpringContextShutdownHook] o.s.a.r.listener.SimpleMessageListenerContainer-Shutdown ignored - container is not active already
2022-06-08 20:24:55.779 INFO [] [SpringContextShutdownHook] o.s.a.r.listener.SimpleMessageListenerContainer-Shutdown ignored - container is not active already
2022-06-08 20:27:21.598 INFO [] [main] com.example.openfeign.OpenfeignApplicationTests-No active profile set, falling back to default profiles: default
2022-06-08 20:27:22.159 WARN [] [main] org.mybatis.spring.mapper.ClassPathMapperScanner-No MyBatis mapper was found in '[com.example.openfeign]' package. Please check your configuration.
2022-06-08 20:27:22.387 INFO [] [main] o.springframework.cloud.context.scope.GenericScope-BeanFactory id=e48f34a5-4e7b-366a-9056-e226af87af59
2022-06-08 20:27:22.435 INFO [] [main] o.s.c.s.PostProcessorRegistrationDelegate$BeanPostProcessorChecker-Bean 'com.example.openfeign.interfance.StockOpenFeignService' of type [org.springframework.cloud.openfeign.FeignClientFactoryBean] is not eligible for getting processed by all BeanPostProcessors (for example: not eligible for auto-proxying)
2022-06-08 20:27:23.484 WARN [] [main] com.netflix.config.sources.URLConfigurationSource-No URLs will be polled as dynamic configuration sources.
2022-06-08 20:27:23.485 INFO [] [main] com.netflix.config.sources.URLConfigurationSource-To enable URLs as dynamic configuration sources, define System property archaius.configurationSource.additionalUrls or make config.properties available on classpath.
2022-06-08 20:27:23.491 WARN [] [main] com.netflix.config.sources.URLConfigurationSource-No URLs will be polled as dynamic configuration sources.
2022-06-08 20:27:23.491 INFO [] [main] com.netflix.config.sources.URLConfigurationSource-To enable URLs as dynamic configuration sources, define System property archaius.configurationSource.additionalUrls or make config.properties available on classpath.
2022-06-08 20:27:23.669 INFO [] [main] o.s.scheduling.concurrent.ThreadPoolTaskExecutor-Initializing ExecutorService 'applicationTaskExecutor'
2022-06-08 20:27:23.919 INFO [] [main] o.s.scheduling.concurrent.ThreadPoolTaskScheduler-Initializing ExecutorService 'Nacso-Watch-Task-Scheduler'
2022-06-08 20:27:24.438 INFO [] [main] o.s.a.rabbit.connection.CachingConnectionFactory-Attempting to connect to: 127.0.0.1:5672
2022-06-08 20:27:24.443 INFO [] [main] o.s.a.r.listener.SimpleMessageListenerContainer-Broker not available; cannot force queue declarations during start: java.net.ConnectException: Connection refused (Connection refused)
2022-06-08 20:27:24.450 INFO [] [org.springframework.amqp.rabbit.RabbitListenerEndpointContainer#0-1] o.s.a.rabbit.connection.CachingConnectionFactory-Attempting to connect to: 127.0.0.1:5672
2022-06-08 20:27:24.456 ERROR[] [org.springframework.amqp.rabbit.RabbitListenerEndpointContainer#0-1] o.s.a.r.listener.SimpleMessageListenerContainer-Failed to check/redeclare auto-delete queue(s).
org.springframework.amqp.AmqpConnectException: java.net.ConnectException: Connection refused (Connection refused)
	at org.springframework.amqp.rabbit.support.RabbitExceptionTranslator.convertRabbitAccessException(RabbitExceptionTranslator.java:61)
	at org.springframework.amqp.rabbit.connection.AbstractConnectionFactory.createBareConnection(AbstractConnectionFactory.java:524)
	at org.springframework.amqp.rabbit.connection.CachingConnectionFactory.createConnection(CachingConnectionFactory.java:751)
	at org.springframework.amqp.rabbit.connection.ConnectionFactoryUtils.createConnection(ConnectionFactoryUtils.java:214)
	at org.springframework.amqp.rabbit.core.RabbitTemplate.doExecute(RabbitTemplate.java:2089)
	at org.springframework.amqp.rabbit.core.RabbitTemplate.execute(RabbitTemplate.java:2062)
	at org.springframework.amqp.rabbit.core.RabbitTemplate.execute(RabbitTemplate.java:2042)
	at org.springframework.amqp.rabbit.core.RabbitAdmin.getQueueInfo(RabbitAdmin.java:407)
	at org.springframework.amqp.rabbit.core.RabbitAdmin.getQueueProperties(RabbitAdmin.java:391)
	at org.springframework.amqp.rabbit.listener.AbstractMessageListenerContainer.attemptDeclarations(AbstractMessageListenerContainer.java:1859)
	at org.springframework.amqp.rabbit.listener.AbstractMessageListenerContainer.redeclareElementsIfNecessary(AbstractMessageListenerContainer.java:1840)
	at org.springframework.amqp.rabbit.listener.SimpleMessageListenerContainer$AsyncMessageProcessingConsumer.initialize(SimpleMessageListenerContainer.java:1354)
	at org.springframework.amqp.rabbit.listener.SimpleMessageListenerContainer$AsyncMessageProcessingConsumer.run(SimpleMessageListenerContainer.java:1200)
	at java.lang.Thread.run(Thread.java:748)
Caused by: java.net.ConnectException: Connection refused (Connection refused)
	at java.net.PlainSocketImpl.socketConnect(Native Method)
	at java.net.AbstractPlainSocketImpl.doConnect(AbstractPlainSocketImpl.java:350)
	at java.net.AbstractPlainSocketImpl.connectToAddress(AbstractPlainSocketImpl.java:206)
	at java.net.AbstractPlainSocketImpl.connect(AbstractPlainSocketImpl.java:188)
	at java.net.SocksSocketImpl.connect(SocksSocketImpl.java:392)
	at java.net.Socket.connect(Socket.java:606)
	at com.rabbitmq.client.impl.SocketFrameHandlerFactory.create(SocketFrameHandlerFactory.java:60)
	at com.rabbitmq.client.ConnectionFactory.newConnection(ConnectionFactory.java:1137)
	at com.rabbitmq.client.ConnectionFactory.newConnection(ConnectionFactory.java:1087)
	at com.rabbitmq.client.ConnectionFactory.newConnection(ConnectionFactory.java:1255)
	at org.springframework.amqp.rabbit.connection.AbstractConnectionFactory.connectHostPort(AbstractConnectionFactory.java:569)
	at org.springframework.amqp.rabbit.connection.AbstractConnectionFactory.connect(AbstractConnectionFactory.java:536)
	at org.springframework.amqp.rabbit.connection.AbstractConnectionFactory.createBareConnection(AbstractConnectionFactory.java:487)
	... 12 common frames omitted
2022-06-08 20:27:24.461 INFO [] [org.springframework.amqp.rabbit.RabbitListenerEndpointContainer#0-1] o.s.a.rabbit.connection.CachingConnectionFactory-Attempting to connect to: 127.0.0.1:5672
2022-06-08 20:27:24.462 INFO [] [main] o.s.a.rabbit.connection.CachingConnectionFactory-Attempting to connect to: 127.0.0.1:5672
2022-06-08 20:27:24.463 INFO [] [main] o.s.a.r.listener.SimpleMessageListenerContainer-Broker not available; cannot force queue declarations during start: java.net.ConnectException: Connection refused (Connection refused)
2022-06-08 20:27:24.463 INFO [] [org.springframework.amqp.rabbit.RabbitListenerEndpointContainer#1-1] o.s.a.rabbit.connection.CachingConnectionFactory-Attempting to connect to: 127.0.0.1:5672
2022-06-08 20:27:24.464 ERROR[] [org.springframework.amqp.rabbit.RabbitListenerEndpointContainer#1-1] o.s.a.r.listener.SimpleMessageListenerContainer-Failed to check/redeclare auto-delete queue(s).
org.springframework.amqp.AmqpConnectException: java.net.ConnectException: Connection refused (Connection refused)
	at org.springframework.amqp.rabbit.support.RabbitExceptionTranslator.convertRabbitAccessException(RabbitExceptionTranslator.java:61)
	at org.springframework.amqp.rabbit.connection.AbstractConnectionFactory.createBareConnection(AbstractConnectionFactory.java:524)
	at org.springframework.amqp.rabbit.connection.CachingConnectionFactory.createConnection(CachingConnectionFactory.java:751)
	at org.springframework.amqp.rabbit.connection.ConnectionFactoryUtils.createConnection(ConnectionFactoryUtils.java:214)
	at org.springframework.amqp.rabbit.core.RabbitTemplate.doExecute(RabbitTemplate.java:2089)
	at org.springframework.amqp.rabbit.core.RabbitTemplate.execute(RabbitTemplate.java:2062)
	at org.springframework.amqp.rabbit.core.RabbitTemplate.execute(RabbitTemplate.java:2042)
	at org.springframework.amqp.rabbit.core.RabbitAdmin.getQueueInfo(RabbitAdmin.java:407)
	at org.springframework.amqp.rabbit.core.RabbitAdmin.getQueueProperties(RabbitAdmin.java:391)
	at org.springframework.amqp.rabbit.listener.AbstractMessageListenerContainer.attemptDeclarations(AbstractMessageListenerContainer.java:1859)
	at org.springframework.amqp.rabbit.listener.AbstractMessageListenerContainer.redeclareElementsIfNecessary(AbstractMessageListenerContainer.java:1840)
	at org.springframework.amqp.rabbit.listener.SimpleMessageListenerContainer$AsyncMessageProcessingConsumer.initialize(SimpleMessageListenerContainer.java:1354)
	at org.springframework.amqp.rabbit.listener.SimpleMessageListenerContainer$AsyncMessageProcessingConsumer.run(SimpleMessageListenerContainer.java:1200)
	at java.lang.Thread.run(Thread.java:748)
Caused by: java.net.ConnectException: Connection refused (Connection refused)
	at java.net.PlainSocketImpl.socketConnect(Native Method)
	at java.net.AbstractPlainSocketImpl.doConnect(AbstractPlainSocketImpl.java:350)
	at java.net.AbstractPlainSocketImpl.connectToAddress(AbstractPlainSocketImpl.java:206)
	at java.net.AbstractPlainSocketImpl.connect(AbstractPlainSocketImpl.java:188)
	at java.net.SocksSocketImpl.connect(SocksSocketImpl.java:392)
	at java.net.Socket.connect(Socket.java:606)
	at com.rabbitmq.client.impl.SocketFrameHandlerFactory.create(SocketFrameHandlerFactory.java:60)
	at com.rabbitmq.client.ConnectionFactory.newConnection(ConnectionFactory.java:1137)
	at com.rabbitmq.client.ConnectionFactory.newConnection(ConnectionFactory.java:1087)
	at com.rabbitmq.client.ConnectionFactory.newConnection(ConnectionFactory.java:1255)
	at org.springframework.amqp.rabbit.connection.AbstractConnectionFactory.connectHostPort(AbstractConnectionFactory.java:569)
	at org.springframework.amqp.rabbit.connection.AbstractConnectionFactory.connect(AbstractConnectionFactory.java:536)
	at org.springframework.amqp.rabbit.connection.AbstractConnectionFactory.createBareConnection(AbstractConnectionFactory.java:487)
	... 12 common frames omitted
2022-06-08 20:27:24.465 INFO [] [org.springframework.amqp.rabbit.RabbitListenerEndpointContainer#1-1] o.s.a.rabbit.connection.CachingConnectionFactory-Attempting to connect to: 127.0.0.1:5672
2022-06-08 20:27:24.478 INFO [] [main] com.example.openfeign.OpenfeignApplicationTests-Started OpenfeignApplicationTests in 3.593 seconds (JVM running for 4.607)
2022-06-08 20:27:24.738 INFO [] [main] o.s.a.rabbit.connection.CachingConnectionFactory-Attempting to connect to: 127.0.0.1:5672
2022-06-08 20:27:24.767 INFO [] [SpringContextShutdownHook] o.s.a.r.listener.SimpleMessageListenerContainer-Waiting for workers to finish.
2022-06-08 20:27:24.767 INFO [] [SpringContextShutdownHook] o.s.a.r.listener.SimpleMessageListenerContainer-Successfully waited for workers to finish.
2022-06-08 20:27:24.768 INFO [] [SpringContextShutdownHook] o.s.a.r.listener.SimpleMessageListenerContainer-Waiting for workers to finish.
2022-06-08 20:27:24.768 INFO [] [SpringContextShutdownHook] o.s.a.r.listener.SimpleMessageListenerContainer-Successfully waited for workers to finish.
2022-06-08 20:27:24.769 INFO [] [SpringContextShutdownHook] o.s.scheduling.concurrent.ThreadPoolTaskScheduler-Shutting down ExecutorService 'Nacso-Watch-Task-Scheduler'
2022-06-08 20:27:24.775 INFO [] [SpringContextShutdownHook] o.s.scheduling.concurrent.ThreadPoolTaskExecutor-Shutting down ExecutorService 'applicationTaskExecutor'
2022-06-08 20:27:24.778 INFO [] [SpringContextShutdownHook] o.s.a.r.listener.SimpleMessageListenerContainer-Shutdown ignored - container is not active already
2022-06-08 20:27:24.778 INFO [] [SpringContextShutdownHook] o.s.a.r.listener.SimpleMessageListenerContainer-Shutdown ignored - container is not active already
2022-06-08 20:30:41.366 INFO [] [main] com.example.openfeign.OpenfeignApplicationTests-No active profile set, falling back to default profiles: default
2022-06-08 20:30:41.945 WARN [] [main] org.mybatis.spring.mapper.ClassPathMapperScanner-No MyBatis mapper was found in '[com.example.openfeign]' package. Please check your configuration.
2022-06-08 20:30:42.226 INFO [] [main] o.springframework.cloud.context.scope.GenericScope-BeanFactory id=e48f34a5-4e7b-366a-9056-e226af87af59
2022-06-08 20:30:42.277 INFO [] [main] o.s.c.s.PostProcessorRegistrationDelegate$BeanPostProcessorChecker-Bean 'com.example.openfeign.interfance.StockOpenFeignService' of type [org.springframework.cloud.openfeign.FeignClientFactoryBean] is not eligible for getting processed by all BeanPostProcessors (for example: not eligible for auto-proxying)
2022-06-08 20:30:43.580 WARN [] [main] com.netflix.config.sources.URLConfigurationSource-No URLs will be polled as dynamic configuration sources.
2022-06-08 20:30:43.580 INFO [] [main] com.netflix.config.sources.URLConfigurationSource-To enable URLs as dynamic configuration sources, define System property archaius.configurationSource.additionalUrls or make config.properties available on classpath.
2022-06-08 20:30:43.587 WARN [] [main] com.netflix.config.sources.URLConfigurationSource-No URLs will be polled as dynamic configuration sources.
2022-06-08 20:30:43.587 INFO [] [main] com.netflix.config.sources.URLConfigurationSource-To enable URLs as dynamic configuration sources, define System property archaius.configurationSource.additionalUrls or make config.properties available on classpath.
2022-06-08 20:30:43.790 INFO [] [main] o.s.scheduling.concurrent.ThreadPoolTaskExecutor-Initializing ExecutorService 'applicationTaskExecutor'
2022-06-08 20:30:44.068 INFO [] [main] o.s.scheduling.concurrent.ThreadPoolTaskScheduler-Initializing ExecutorService 'Nacso-Watch-Task-Scheduler'
2022-06-08 20:30:44.684 INFO [] [main] o.s.a.rabbit.connection.CachingConnectionFactory-Attempting to connect to: MrCui-de-MacBook-Pro.local:5672
2022-06-08 20:30:44.694 INFO [] [main] o.s.a.r.listener.SimpleMessageListenerContainer-Broker not available; cannot force queue declarations during start: java.net.ConnectException: Connection refused (Connection refused)
2022-06-08 20:30:44.705 INFO [] [org.springframework.amqp.rabbit.RabbitListenerEndpointContainer#0-1] o.s.a.rabbit.connection.CachingConnectionFactory-Attempting to connect to: MrCui-de-MacBook-Pro.local:5672
2022-06-08 20:30:44.715 ERROR[] [org.springframework.amqp.rabbit.RabbitListenerEndpointContainer#0-1] o.s.a.r.listener.SimpleMessageListenerContainer-Failed to check/redeclare auto-delete queue(s).
org.springframework.amqp.AmqpConnectException: java.net.ConnectException: Connection refused (Connection refused)
	at org.springframework.amqp.rabbit.support.RabbitExceptionTranslator.convertRabbitAccessException(RabbitExceptionTranslator.java:61)
	at org.springframework.amqp.rabbit.connection.AbstractConnectionFactory.createBareConnection(AbstractConnectionFactory.java:524)
	at org.springframework.amqp.rabbit.connection.CachingConnectionFactory.createConnection(CachingConnectionFactory.java:751)
	at org.springframework.amqp.rabbit.connection.ConnectionFactoryUtils.createConnection(ConnectionFactoryUtils.java:214)
	at org.springframework.amqp.rabbit.core.RabbitTemplate.doExecute(RabbitTemplate.java:2089)
	at org.springframework.amqp.rabbit.core.RabbitTemplate.execute(RabbitTemplate.java:2062)
	at org.springframework.amqp.rabbit.core.RabbitTemplate.execute(RabbitTemplate.java:2042)
	at org.springframework.amqp.rabbit.core.RabbitAdmin.getQueueInfo(RabbitAdmin.java:407)
	at org.springframework.amqp.rabbit.core.RabbitAdmin.getQueueProperties(RabbitAdmin.java:391)
	at org.springframework.amqp.rabbit.listener.AbstractMessageListenerContainer.attemptDeclarations(AbstractMessageListenerContainer.java:1859)
	at org.springframework.amqp.rabbit.listener.AbstractMessageListenerContainer.redeclareElementsIfNecessary(AbstractMessageListenerContainer.java:1840)
	at org.springframework.amqp.rabbit.listener.SimpleMessageListenerContainer$AsyncMessageProcessingConsumer.initialize(SimpleMessageListenerContainer.java:1354)
	at org.springframework.amqp.rabbit.listener.SimpleMessageListenerContainer$AsyncMessageProcessingConsumer.run(SimpleMessageListenerContainer.java:1200)
	at java.lang.Thread.run(Thread.java:748)
Caused by: java.net.ConnectException: Connection refused (Connection refused)
	at java.net.PlainSocketImpl.socketConnect(Native Method)
	at java.net.AbstractPlainSocketImpl.doConnect(AbstractPlainSocketImpl.java:350)
	at java.net.AbstractPlainSocketImpl.connectToAddress(AbstractPlainSocketImpl.java:206)
	at java.net.AbstractPlainSocketImpl.connect(AbstractPlainSocketImpl.java:188)
	at java.net.SocksSocketImpl.connect(SocksSocketImpl.java:392)
	at java.net.Socket.connect(Socket.java:606)
	at com.rabbitmq.client.impl.SocketFrameHandlerFactory.create(SocketFrameHandlerFactory.java:60)
	at com.rabbitmq.client.ConnectionFactory.newConnection(ConnectionFactory.java:1137)
	at com.rabbitmq.client.ConnectionFactory.newConnection(ConnectionFactory.java:1087)
	at com.rabbitmq.client.ConnectionFactory.newConnection(ConnectionFactory.java:1255)
	at org.springframework.amqp.rabbit.connection.AbstractConnectionFactory.connectHostPort(AbstractConnectionFactory.java:569)
	at org.springframework.amqp.rabbit.connection.AbstractConnectionFactory.connect(AbstractConnectionFactory.java:536)
	at org.springframework.amqp.rabbit.connection.AbstractConnectionFactory.createBareConnection(AbstractConnectionFactory.java:487)
	... 12 common frames omitted
2022-06-08 20:30:44.723 INFO [] [org.springframework.amqp.rabbit.RabbitListenerEndpointContainer#0-1] o.s.a.rabbit.connection.CachingConnectionFactory-Attempting to connect to: MrCui-de-MacBook-Pro.local:5672
2022-06-08 20:30:44.725 INFO [] [main] o.s.a.rabbit.connection.CachingConnectionFactory-Attempting to connect to: MrCui-de-MacBook-Pro.local:5672
2022-06-08 20:30:44.726 INFO [] [main] o.s.a.r.listener.SimpleMessageListenerContainer-Broker not available; cannot force queue declarations during start: java.net.ConnectException: Connection refused (Connection refused)
2022-06-08 20:30:44.726 INFO [] [org.springframework.amqp.rabbit.RabbitListenerEndpointContainer#1-1] o.s.a.rabbit.connection.CachingConnectionFactory-Attempting to connect to: MrCui-de-MacBook-Pro.local:5672
2022-06-08 20:30:44.729 ERROR[] [org.springframework.amqp.rabbit.RabbitListenerEndpointContainer#1-1] o.s.a.r.listener.SimpleMessageListenerContainer-Failed to check/redeclare auto-delete queue(s).
org.springframework.amqp.AmqpConnectException: java.net.ConnectException: Connection refused (Connection refused)
	at org.springframework.amqp.rabbit.support.RabbitExceptionTranslator.convertRabbitAccessException(RabbitExceptionTranslator.java:61)
	at org.springframework.amqp.rabbit.connection.AbstractConnectionFactory.createBareConnection(AbstractConnectionFactory.java:524)
	at org.springframework.amqp.rabbit.connection.CachingConnectionFactory.createConnection(CachingConnectionFactory.java:751)
	at org.springframework.amqp.rabbit.connection.ConnectionFactoryUtils.createConnection(ConnectionFactoryUtils.java:214)
	at org.springframework.amqp.rabbit.core.RabbitTemplate.doExecute(RabbitTemplate.java:2089)
	at org.springframework.amqp.rabbit.core.RabbitTemplate.execute(RabbitTemplate.java:2062)
	at org.springframework.amqp.rabbit.core.RabbitTemplate.execute(RabbitTemplate.java:2042)
	at org.springframework.amqp.rabbit.core.RabbitAdmin.getQueueInfo(RabbitAdmin.java:407)
	at org.springframework.amqp.rabbit.core.RabbitAdmin.getQueueProperties(RabbitAdmin.java:391)
	at org.springframework.amqp.rabbit.listener.AbstractMessageListenerContainer.attemptDeclarations(AbstractMessageListenerContainer.java:1859)
	at org.springframework.amqp.rabbit.listener.AbstractMessageListenerContainer.redeclareElementsIfNecessary(AbstractMessageListenerContainer.java:1840)
	at org.springframework.amqp.rabbit.listener.SimpleMessageListenerContainer$AsyncMessageProcessingConsumer.initialize(SimpleMessageListenerContainer.java:1354)
	at org.springframework.amqp.rabbit.listener.SimpleMessageListenerContainer$AsyncMessageProcessingConsumer.run(SimpleMessageListenerContainer.java:1200)
	at java.lang.Thread.run(Thread.java:748)
Caused by: java.net.ConnectException: Connection refused (Connection refused)
	at java.net.PlainSocketImpl.socketConnect(Native Method)
	at java.net.AbstractPlainSocketImpl.doConnect(AbstractPlainSocketImpl.java:350)
	at java.net.AbstractPlainSocketImpl.connectToAddress(AbstractPlainSocketImpl.java:206)
	at java.net.AbstractPlainSocketImpl.connect(AbstractPlainSocketImpl.java:188)
	at java.net.SocksSocketImpl.connect(SocksSocketImpl.java:392)
	at java.net.Socket.connect(Socket.java:606)
	at com.rabbitmq.client.impl.SocketFrameHandlerFactory.create(SocketFrameHandlerFactory.java:60)
	at com.rabbitmq.client.ConnectionFactory.newConnection(ConnectionFactory.java:1137)
	at com.rabbitmq.client.ConnectionFactory.newConnection(ConnectionFactory.java:1087)
	at com.rabbitmq.client.ConnectionFactory.newConnection(ConnectionFactory.java:1255)
	at org.springframework.amqp.rabbit.connection.AbstractConnectionFactory.connectHostPort(AbstractConnectionFactory.java:569)
	at org.springframework.amqp.rabbit.connection.AbstractConnectionFactory.connect(AbstractConnectionFactory.java:536)
	at org.springframework.amqp.rabbit.connection.AbstractConnectionFactory.createBareConnection(AbstractConnectionFactory.java:487)
	... 12 common frames omitted
2022-06-08 20:30:44.730 INFO [] [org.springframework.amqp.rabbit.RabbitListenerEndpointContainer#1-1] o.s.a.rabbit.connection.CachingConnectionFactory-Attempting to connect to: MrCui-de-MacBook-Pro.local:5672
2022-06-08 20:30:44.743 INFO [] [main] com.example.openfeign.OpenfeignApplicationTests-Started OpenfeignApplicationTests in 4.204 seconds (JVM running for 5.551)
2022-06-08 20:30:45.222 INFO [] [main] o.s.a.rabbit.connection.CachingConnectionFactory-Attempting to connect to: MrCui-de-MacBook-Pro.local:5672
2022-06-08 20:30:45.269 INFO [] [SpringContextShutdownHook] o.s.a.r.listener.SimpleMessageListenerContainer-Waiting for workers to finish.
2022-06-08 20:30:45.269 INFO [] [SpringContextShutdownHook] o.s.a.r.listener.SimpleMessageListenerContainer-Successfully waited for workers to finish.
2022-06-08 20:30:45.270 INFO [] [SpringContextShutdownHook] o.s.a.r.listener.SimpleMessageListenerContainer-Waiting for workers to finish.
2022-06-08 20:30:45.270 INFO [] [SpringContextShutdownHook] o.s.a.r.listener.SimpleMessageListenerContainer-Successfully waited for workers to finish.
2022-06-08 20:30:45.270 INFO [] [SpringContextShutdownHook] o.s.scheduling.concurrent.ThreadPoolTaskScheduler-Shutting down ExecutorService 'Nacso-Watch-Task-Scheduler'
2022-06-08 20:30:45.276 INFO [] [SpringContextShutdownHook] o.s.scheduling.concurrent.ThreadPoolTaskExecutor-Shutting down ExecutorService 'applicationTaskExecutor'
2022-06-08 20:30:45.283 INFO [] [SpringContextShutdownHook] o.s.a.r.listener.SimpleMessageListenerContainer-Shutdown ignored - container is not active already
2022-06-08 20:30:45.283 INFO [] [SpringContextShutdownHook] o.s.a.r.listener.SimpleMessageListenerContainer-Shutdown ignored - container is not active already
